c:\users\black\onedrive\desktop\c++oop\vectors\vectors\vectors\x64\debug\vc142.pdb
c:\users\black\onedrive\desktop\c++oop\vectors\vectors\vectors\x64\debug\vc142.idb
c:\users\black\onedrive\desktop\c++oop\vectors\vectors\vectors\x64\debug\vector.obj
c:\users\black\onedrive\desktop\c++oop\vectors\vectors\vectors\x64\debug\traingle.obj
c:\users\black\onedrive\desktop\c++oop\vectors\vectors\vectors\x64\debug\tetrahedron.obj
c:\users\black\onedrive\desktop\c++oop\vectors\vectors\vectors\x64\debug\segment.obj
c:\users\black\onedrive\desktop\c++oop\vectors\vectors\vectors\x64\debug\point.obj
c:\users\black\onedrive\desktop\c++oop\vectors\vectors\vectors\x64\debug\menufile.obj
c:\users\black\onedrive\desktop\c++oop\vectors\vectors\vectors\x64\debug\menu.obj
c:\users\black\onedrive\desktop\c++oop\vectors\vectors\vectors\x64\debug\main.obj
c:\users\black\onedrive\desktop\c++oop\vectors\vectors\vectors\x64\debug\line.obj
c:\users\black\onedrive\desktop\c++oop\vectors\vectors\vectors\x64\debug\vectorlengthexception.obj
c:\users\black\onedrive\desktop\c++oop\vectors\vectors\vectors\x64\debug\helper.obj
c:\users\black\onedrive\desktop\c++oop\vectors\vectors\vectors\x64\debug\equalpointexception.obj
c:\users\black\onedrive\desktop\c++oop\vectors\vectors\vectors\x64\debug\element.obj
c:\users\black\onedrive\desktop\c++oop\vectors\vectors\x64\debug\vectors.exe
c:\users\black\onedrive\desktop\c++oop\vectors\vectors\x64\debug\vectors.ilk
c:\users\black\onedrive\desktop\c++oop\vectors\vectors\x64\debug\vectors.pdb
c:\users\black\onedrive\desktop\c++oop\vectors\vectors\vectors\x64\debug\vectors.tlog\cl.command.1.tlog
c:\users\black\onedrive\desktop\c++oop\vectors\vectors\vectors\x64\debug\vectors.tlog\cl.read.1.tlog
c:\users\black\onedrive\desktop\c++oop\vectors\vectors\vectors\x64\debug\vectors.tlog\cl.write.1.tlog
c:\users\black\onedrive\desktop\c++oop\vectors\vectors\vectors\x64\debug\vectors.tlog\link.command.1.tlog
c:\users\black\onedrive\desktop\c++oop\vectors\vectors\vectors\x64\debug\vectors.tlog\link.read.1.tlog
c:\users\black\onedrive\desktop\c++oop\vectors\vectors\vectors\x64\debug\vectors.tlog\link.write.1.tlog
